?DEBUG??23-02-02??org.apache.ibatis.logging.LogFactory?Logging initialized using 'class org.apache.ibatis.logging.log4j.Log4jImpl' adapter.
?DEBUG??23-02-02??org.apache.ibatis.logging.LogFactory?Logging initialized using 'class org.apache.ibatis.logging.log4j.Log4jImpl' adapter.
?DEBUG??23-02-02??org.apache.ibatis.datasource.pooled.PooledDataSource?PooledDataSource forcefully closed/removed all connections.
?DEBUG??23-02-02??org.apache.ibatis.datasource.pooled.PooledDataSource?PooledDataSource forcefully closed/removed all connections.
?DEBUG??23-02-02??org.apache.ibatis.datasource.pooled.PooledDataSource?PooledDataSource forcefully closed/removed all connections.
?DEBUG??23-02-02??org.apache.ibatis.datasource.pooled.PooledDataSource?PooledDataSource forcefully closed/removed all connections.
?DEBUG??23-02-02??org.apache.ibatis.transaction.jdbc.JdbcTransaction?Opening JDBC Connection
?DEBUG??23-02-02??org.apache.ibatis.datasource.pooled.PooledDataSource?Created connection 495792375.
?DEBUG??23-02-02??org.apache.ibatis.transaction.jdbc.JdbcTransaction?Setting autocommit to false on JDBC Connection [com.mysql.jdbc.JDBC4Connection@1d8d30f7]
?DEBUG??23-02-02??com.kuang.dao.UsersDao.getUserInfoByUserId?==>  Preparing: select * from user where id = ? 
?DEBUG??23-02-02??com.kuang.dao.UsersDao.getUserInfoByUserId?==> Parameters: 1(Integer)
?DEBUG??23-02-02??com.kuang.dao.UsersDao.getUserInfoByUserId?<==      Total: 1
?DEBUG??23-02-02??org.apache.ibatis.transaction.jdbc.JdbcTransaction?Resetting autocommit to true on JDBC Connection [com.mysql.jdbc.JDBC4Connection@1d8d30f7]
?DEBUG??23-02-02??org.apache.ibatis.transaction.jdbc.JdbcTransaction?Closing JDBC Connection [com.mysql.jdbc.JDBC4Connection@1d8d30f7]
?DEBUG??23-02-02??org.apache.ibatis.datasource.pooled.PooledDataSource?Returned connection 495792375 to pool.
?DEBUG??23-02-02??org.apache.ibatis.logging.LogFactory?Logging initialized using 'class org.apache.ibatis.logging.log4j.Log4jImpl' adapter.
?DEBUG??23-02-02??org.apache.ibatis.logging.LogFactory?Logging initialized using 'class org.apache.ibatis.logging.log4j.Log4jImpl' adapter.
?DEBUG??23-02-02??org.apache.ibatis.datasource.pooled.PooledDataSource?PooledDataSource forcefully closed/removed all connections.
?DEBUG??23-02-02??org.apache.ibatis.datasource.pooled.PooledDataSource?PooledDataSource forcefully closed/removed all connections.
?DEBUG??23-02-02??org.apache.ibatis.datasource.pooled.PooledDataSource?PooledDataSource forcefully closed/removed all connections.
?DEBUG??23-02-02??org.apache.ibatis.datasource.pooled.PooledDataSource?PooledDataSource forcefully closed/removed all connections.
?DEBUG??23-02-03??org.apache.ibatis.logging.LogFactory?Logging initialized using 'class org.apache.ibatis.logging.log4j.Log4jImpl' adapter.
?DEBUG??23-02-03??org.apache.ibatis.logging.LogFactory?Logging initialized using 'class org.apache.ibatis.logging.log4j.Log4jImpl' adapter.
?DEBUG??23-02-03??org.apache.ibatis.logging.LogFactory?Logging initialized using 'class org.apache.ibatis.logging.log4j.Log4jImpl' adapter.
?DEBUG??23-02-03??org.apache.ibatis.logging.LogFactory?Logging initialized using 'class org.apache.ibatis.logging.log4j.Log4jImpl' adapter.
?DEBUG??23-02-03??org.apache.ibatis.datasource.pooled.PooledDataSource?PooledDataSource forcefully closed/removed all connections.
?DEBUG??23-02-03??org.apache.ibatis.datasource.pooled.PooledDataSource?PooledDataSource forcefully closed/removed all connections.
?DEBUG??23-02-03??org.apache.ibatis.datasource.pooled.PooledDataSource?PooledDataSource forcefully closed/removed all connections.
?DEBUG??23-02-03??org.apache.ibatis.datasource.pooled.PooledDataSource?PooledDataSource forcefully closed/removed all connections.
?DEBUG??23-02-03??org.apache.ibatis.transaction.jdbc.JdbcTransaction?Opening JDBC Connection
?DEBUG??23-02-03??org.apache.ibatis.datasource.pooled.PooledDataSource?Created connection 1037324811.
?DEBUG??23-02-03??org.apache.ibatis.transaction.jdbc.JdbcTransaction?Setting autocommit to false on JDBC Connection [com.mysql.jdbc.JDBC4Connection@3dd4520b]
?DEBUG??23-02-03??com.caomei.dao.UserDao.selectUsers?==>  Preparing: select * from user 
?DEBUG??23-02-03??com.caomei.dao.UserDao.selectUsers?==> Parameters: 
?DEBUG??23-02-03??com.caomei.dao.UserDao.selectUsers?<==      Total: 9
